{
  "stats": {
    "suites": 1,
    "tests": 1,
    "passes": 1,
    "pending": 0,
    "failures": 0,
    "start": "2020-03-31T13:51:04.356Z",
    "end": "2020-03-31T13:51:05.378Z",
    "duration": 1022,
    "testsRegistered": 1,
    "passPercent": 100,
    "pendingPercent": 0,
    "other": 0,
    "hasOther": false,
    "skipped": 0,
    "hasSkipped": false
  },
  "results": [
    {
      "uuid": "a54d4b8d-f170-4591-a3ef-5f2e43edf28f",
      "title": "",
      "fullFile": "cypress\\integration\\OtherTests\\APITest.spec.js",
      "file": "cypress\\integration\\OtherTests\\APITest.spec.js",
      "beforeHooks": [],
      "afterHooks": [],
      "tests": [],
      "suites": [
        {
          "uuid": "e58e1f6b-0a23-4dfc-991a-0dab770eb409",
          "title": "My First Test Suite",
          "fullFile": "",
          "file": "",
          "beforeHooks": [],
          "afterHooks": [],
          "tests": [
            {
              "title": "My FirstTest case",
              "fullTitle": "My First Test Suite My FirstTest case",
              "timedOut": null,
              "duration": 972,
              "state": "passed",
              "speed": "slow",
              "pass": true,
              "fail": false,
              "pending": false,
              "context": null,
              "code": "cy.request('POST', 'http://216.10.245.166/Library/Addbook.php', {\n  \"name\": \"Learn Appium Automation with Java\",\n  \"isbn\": \"bcggsss\",\n  \"aisle\": \"22s7\",\n  \"author\": \"John foe\"\n}).then(function (response) {\n  expect(response.body).to.have.property(\"Msg\", \"successfully added\");\n  expect(response.status).to.eq(200);\n});",
              "err": {},
              "uuid": "1f09264a-d01a-4300-ba68-56bbf5a1078c",
              "parentUUID": "e58e1f6b-0a23-4dfc-991a-0dab770eb409",
              "isHook": false,
              "skipped": false
            }
          ],
          "suites": [],
          "passes": [
            "1f09264a-d01a-4300-ba68-56bbf5a1078c"
          ],
          "failures": [],
          "pending": [],
          "skipped": [],
          "duration": 972,
          "root": false,
          "rootEmpty": false,
          "_timeout": 2000
        }
      ],
      "passes": [],
      "failures": [],
      "pending": [],
      "skipped": [],
      "duration": 0,
      "root": true,
      "rootEmpty": true,
      "_timeout": 2000
    }
  ],
  "meta": {
    "mocha": {
      "version": "7.1.1"
    },
    "mochawesome": {
      "options": {
        "quiet": false,
        "reportFilename": "mochawesome",
        "saveHtml": true,
        "saveJson": true,
        "consoleReporter": "spec",
        "useInlineDiffs": false,
        "code": true
      },
      "version": "5.0.0"
    },
    "marge": {
      "options": {},
      "version": "4.1.0"
    }
  }
}